15 210
1 2 245
1 3 978
1 4 286
1 5 869
1 6 55
1 7 799
1 8 182
1 9 803
1 10 832
1 11 863
1 12 541
1 13 213
1 14 959
1 15 632
2 1 156
2 3 925
2 4 995
2 5 588
2 6 317
2 7 527
2 8 500
2 9 179
2 10 109
2 11 63
2 12 28
2 13 838
2 14 611
2 15 548
3 1 949
3 2 281
3 4 887
3 5 863
3 6 641
3 7 169
3 8 587
3 9 447
3 10 706
3 11 156
3 12 839
3 13 652
3 14 779
3 15 705
4 1 423
4 2 380
4 3 346
4 5 754
4 6 157
4 7 72
4 8 916
4 9 184
4 10 411
4 11 654
4 12 716
4 13 315
4 14 674
4 15 369
5 1 417
5 2 330
5 3 404
5 4 274
5 6 310
5 7 677
5 8 830
5 9 649
5 10 155
5 11 935
5 12 771
5 13 859
5 14 309
5 15 845
6 1 450
6 2 974
6 3 19
6 4 876
6 5 481
6 7 543
6 8 343
6 9 733
6 10 821
6 11 947
6 12 557
6 13 208
6 14 584
6 15 712
7 1 529
7 2 695
7 3 777
7 4 647
7 5 832
7 6 73
7 8 285
7 9 317
7 10 529
7 11 151
7 12 819
7 13 823
7 14 911
7 15 30
8 1 490
8 2 950
8 3 48
8 4 466
8 5 579
8 6 819
8 7 161
8 9 434
8 10 606
8 11 352
8 12 641
8 13 113
8 14 963
8 15 235
9 1 995
9 2 951
9 3 67
9 4 682
9 5 631
9 6 117
9 7 850
9 8 840
9 10 309
9 11 964
9 12 815
9 13 371
9 14 870
9 15 930
10 1 298
10 2 28
10 3 870
10 4 511
10 5 890
10 6 275
10 7 927
10 8 338
10 9 21
10 11 328
10 12 952
10 13 903
10 14 854
10 15 419
11 1 311
11 2 735
11 3 748
11 4 493
11 5 911
11 6 666
11 7 696
11 8 69
11 9 390
11 10 446
11 12 796
11 13 697
11 14 704
11 15 875
12 1 781
12 2 717
12 3 443
12 4 259
12 5 369
12 6 164
12 7 691
12 8 137
12 9 205
12 10 972
12 11 612
12 13 508
12 14 609
12 15 969
13 1 482
13 2 152
13 3 721
13 4 910
13 5 140
13 6 416
13 7 827
13 8 157
13 9 940
13 10 831
13 11 226
13 12 189
13 14 767
13 15 342
14 1 580
14 2 118
14 3 196
14 4 738
14 5 720
14 6 143
14 7 162
14 8 5
14 9 714
14 10 991
14 11 729
14 12 197
14 13 795
14 15 635
15 1 369
15 2 208
15 3 161
15 4 775
15 5 337
15 6 93
15 7 24
15 8 731
15 9 847
15 10 155
15 11 849
15 12 86
15 13 936
15 14 828

