0 738 941 388 
0 245 353 415 
0 166 507 334 302 169 461 288 459 380 54 
0 170 188 317 9 167 351 48 349 247 385 
0 303 339 
0 562 526 
0 
0 
0 70 120 139 132 132 147 164 208 182 127 90 139 122 252 137 112 103 204 
0 76 75 133 93 38 185 61 138 156 82 56 175 357 207 135 58 90 168 
0 388 455 848 494 461 691 
0 451 384 104 669 206 229 
0 199 235 412 389 153 139 124 164 185 208 208 175 218 111 
0 155 119 404 252 110 112 23 190 66 87 71 179 33 36 
0 713 518 324 402 
0 322 118 720 309 
0 395 148 339 314 510 104 152 
0 328 489 443 18 127 228 180 
0 5 277 608 253 215 
0 270 442 221 314 352 
