10
4 12
1 2 738
1 3 955
1 4 388
2 1 245
2 3 203
2 4 703
3 1 353
3 2 408
3 4 670
4 1 415
4 2 475
4 3 909

11 110
1 2 166
1 3 871
1 4 994
1 5 302
1 6 174
1 7 824
1 8 901
1 9 727
1 10 628
1 11 54
2 1 437
2 3 341
2 4 952
2 5 537
2 6 3
2 7 471
2 8 400
2 9 573
2 10 546
2 11 964
3 1 188
3 2 554
3 4 682
3 5 463
3 6 519
3 7 809
3 8 575
3 9 477
3 10 209
3 11 581
4 1 317
4 2 327
4 3 783
4 5 765
4 6 255
4 7 846
4 8 887
4 9 845
4 10 411
4 11 580
5 1 9
5 2 908
5 3 317
5 4 782
5 6 913
5 7 996
5 8 705
5 9 157
5 10 317
5 11 940
6 1 603
6 2 425
6 3 559
6 4 165
6 5 929
6 7 292
6 8 119
6 9 533
6 10 211
6 11 88
7 1 720
7 2 713
7 3 220
7 4 80
7 5 862
7 6 347
7 8 679
7 9 2
7 10 671
7 11 761
8 1 694
8 2 546
8 3 676
8 4 809
8 5 39
8 6 95
8 7 871
8 9 753
8 10 532
8 11 333
9 1 984
9 2 179
9 3 811
9 4 626
9 5 441
9 6 830
9 7 684
9 8 305
9 10 952
9 11 147
10 1 247
10 2 179
10 3 660
10 4 523
10 5 469
10 6 123
10 7 669
10 8 964
10 9 127
10 11 516
11 1 816
11 2 560
11 3 535
11 4 668
11 5 376
11 6 377
11 7 709
11 8 516
11 9 983
11 10 969

3 6
1 2 303
1 3 836
2 1 604
2 3 36
3 1 526
3 2 434

1 0

19 342
1 2 70
1 3 380
1 4 804
1 5 132
1 6 642
1 7 502
1 8 491
1 9 208
1 10 934
1 11 517
1 12 544
1 13 791
1 14 878
1 15 604
1 16 350
1 17 635
1 18 103
1 19 799
2 1 307
2 3 50
2 4 322
2 5 990
2 6 845
2 7 143
2 8 848
2 9 534
2 10 211
2 11 447
2 12 20
2 13 212
2 14 764
2 15 407
2 16 706
2 17 932
2 18 300
2 19 264
3 1 907
3 2 227
3 4 742
3 5 685
3 6 37
3 7 829
3 8 908
3 9 264
3 10 443
3 11 698
3 12 31
3 13 935
3 14 318
3 15 727
3 16 178
3 17 784
3 18 535
3 19 779
4 1 133
4 2 436
4 3 128
4 5 716
4 6 829
4 7 8
4 8 185
4 9 627
4 10 277
4 11 875
4 12 726
4 13 456
4 14 944
4 15 113
4 16 26
4 17 554
4 18 98
4 19 987
5 1 517
5 2 294
5 3 67
5 4 40
5 6 523
5 7 185
5 8 32
5 9 154
5 10 804
5 11 365
5 12 561
5 13 13
5 14 986
5 15 671
5 16 862
5 17 780
5 18 942
5 19 777
6 1 38
6 2 218
6 3 287
6 4 256
6 5 401
6 7 545
6 8 929
6 9 237
6 10 502
6 11 854
6 12 637
6 13 701
6 14 56
6 15 846
6 16 724
6 17 809
6 18 891
6 19 143
7 1 958
7 2 219
7 3 899
7 4 331
7 5 398
7 6 819
7 8 313
7 9 548
7 10 177
7 11 241
7 12 129
7 13 878
7 14 603
7 15 286
7 16 497
7 17 440
7 18 538
7 19 253
8 1 993
8 2 268
8 3 163
8 4 75
8 5 127
8 6 243
8 7 321
8 9 891
8 10 550
8 11 573
8 12 87
8 13 638
8 14 910
8 15 692
8 16 856
8 17 3
8 18 453
8 19 569
9 1 477
9 2 635
9 3 434
9 4 174
9 5 964
9 6 457
9 7 658
9 8 436
9 10 338
9 11 854
9 12 129
9 13 377
9 14 762
9 15 525
9 16 3
9 17 665
9 18 955
9 19 576
10 1 778
10 2 80
10 3 790
10 4 759
10 5 908
10 6 957
10 7 461
10 8 456
10 9 831
10 11 377
10 12 762
10 13 73
10 14 430
10 15 786
10 16 614
10 17 940
10 18 485
10 19 327
11 1 952
11 2 429
11 3 637
11 4 748
11 5 781
11 6 740
11 7 483
11 8 400
11 9 279
11 10 271
11 12 26
11 13 143
11 14 161
11 15 540
11 16 330
11 17 357
11 18 555
11 19 77
12 1 56
12 2 16
12 3 215
12 4 232
12 5 51
12 6 482
12 7 66
12 8 369
12 9 576
12 10 848
12 11 709
12 13 364
12 14 32
12 15 718
12 16 573
12 17 22
12 18 141
12 19 645
13 1 419
13 2 242
13 3 728
13 4 356
13 5 887
13 6 382
13 7 91
13 8 114
13 9 161
13 10 174
13 11 483
13 12 718
13 14 965
13 15 753
13 16 134
13 17 966
13 18 312
13 19 132
14 1 357
14 2 317
14 3 349
14 4 291
14 5 492
14 6 333
14 7 363
14 8 817
14 9 399
14 10 456
14 11 378
14 12 687
14 13 790
14 15 201
14 16 954
14 17 515
14 18 283
14 19 851
15 1 961
15 2 460
15 3 665
15 4 250
15 5 184
15 6 620
15 7 352
15 8 685
15 9 286
15 10 391
15 11 125
15 12 764
15 13 182
15 14 512
15 16 416
15 17 256
15 18 204
15 19 485
16 1 527
16 2 681
16 3 635
16 4 2
16 5 707
16 6 808
16 7 556
16 8 707
16 9 231
16 10 915
16 11 387
16 12 907
16 13 819
16 14 559
16 15 929
16 17 343
16 18 46
16 19 847
17 1 765
17 2 29
17 3 708
17 4 830
17 5 132
17 6 20
17 7 956
17 8 132
17 9 424
17 10 70
17 11 743
17 12 536
17 13 197
17 14 628
17 15 784
17 16 178
17 18 192
17 19 703
18 1 90
18 2 770
18 3 645
18 4 445
18 5 502
18 6 585
18 7 889
18 8 770
18 9 285
18 10 144
18 11 24
18 12 196
18 13 36
18 14 303
18 15 310
18 16 34
18 17 992
18 19 704
19 1 850
19 2 770
19 3 93
19 4 757
19 5 851
19 6 462
19 7 586
19 8 197
19 9 901
19 10 505
19 11 236
19 12 440
19 13 195
19 14 259
19 15 549
19 16 958
19 17 200
19 18 605

7 42
1 2 388
1 3 458
1 4 931
1 5 729
1 6 461
1 7 691
2 1 685
2 3 67
2 4 460
2 5 106
2 6 432
2 7 946
3 1 384
3 2 430
3 4 611
3 5 353
3 6 372
3 7 564
4 1 104
4 2 923
4 3 189
4 5 123
4 6 274
4 7 256
5 1 786
5 2 908
5 3 542
5 4 712
5 6 463
5 7 855
6 1 206
6 2 647
6 3 586
6 4 783
6 5 640
6 7 505
7 1 696
7 2 844
7 3 575
7 4 281
7 5 242
7 6 23

15 210
1 2 315
1 3 945
1 4 724
1 5 389
1 6 804
1 7 197
1 8 602
1 9 767
1 10 616
1 11 752
1 12 981
1 13 995
1 14 878
1 15 111
2 1 501
2 3 632
2 4 251
2 5 314
2 6 792
2 7 750
2 8 132
2 9 551
2 10 765
2 11 617
2 12 823
2 13 149
2 14 186
2 15 883
3 1 579
3 2 562
3 4 935
3 5 930
3 6 283
3 7 824
3 8 503
3 9 578
3 10 83
3 11 771
3 12 186
3 13 250
3 14 374
3 15 83
4 1 417
4 2 555
4 3 625
4 5 773
4 6 911
4 7 596
4 8 568
4 9 808
4 10 914
4 11 333
4 12 397
4 13 225
4 14 869
4 15 370
5 1 553
5 2 278
5 3 320
5 4 550
5 6 142
5 7 177
5 8 955
5 9 830
5 10 291
5 11 978
5 12 241
5 13 313
5 14 284
5 15 417
6 1 902
6 2 267
6 3 624
6 4 792
6 5 859
6 7 875
6 8 87
6 9 11
6 10 359
6 11 414
6 12 163
6 13 208
6 14 669
6 15 913
7 1 298
7 2 917
7 3 96
7 4 933
7 5 590
7 6 614
7 8 188
7 9 746
7 10 897
7 11 69
7 12 485
7 13 625
7 14 79
7 15 691
8 1 23
8 2 933
8 3 257
8 4 486
8 5 356
8 6 29
8 7 15
8 9 381
8 10 61
8 11 985
8 12 276
8 13 293
8 14 381
8 15 503
9 1 344
9 2 547
9 3 958
9 4 248
9 5 840
9 6 933
9 7 646
9 8 462
9 10 463
9 11 295
9 12 779
9 13 11
9 14 335
9 15 822
10 1 530
10 2 782
10 3 344
10 4 603
10 5 211
10 6 836
10 7 864
10 8 120
10 9 7
10 11 578
10 12 23
10 13 695
10 14 763
10 15 30
11 1 419
11 2 332
11 3 41
11 4 260
11 5 771
11 6 752
11 7 57
11 8 64
11 9 612
11 10 448
11 12 198
11 13 692
11 14 976
11 15 457
12 1 71
12 2 215
12 3 273
12 4 958
12 5 873
12 6 226
12 7 35
12 8 537
12 9 229
12 10 299
12 11 962
12 13 995
12 14 552
12 15 741
13 1 713
13 2 24
13 3 895
13 4 576
13 5 850
13 6 455
13 7 299
13 8 386
13 9 41
13 10 645
13 11 455
13 12 301
13 14 330
13 15 799
14 1 33
14 2 479
14 3 701
14 4 573
14 5 308
14 6 425
14 7 518
14 8 620
14 9 585
14 10 465
14 11 767
14 12 171
14 13 546
14 15 849
15 1 992
15 2 813
15 3 215
15 4 952
15 5 553
15 6 244
15 7 857
15 8 13
15 9 217
15 10 879
15 11 981
15 12 197
15 13 461
15 14 148

5 20
1 2 825
1 3 518
1 4 324
1 5 402
2 1 420
2 3 327
2 4 310
2 5 13
3 1 118
3 2 195
3 4 322
3 5 696
4 1 723
4 2 736
4 3 846
4 5 411
5 1 309
5 2 797
5 3 842
5 4 142

8 56
1 2 543
1 3 148
1 4 339
1 5 560
1 6 879
1 7 104
1 8 958
2 1 447
2 3 654
2 4 193
2 5 310
2 6 827
2 7 596
2 8 154
3 1 835
3 2 672
3 4 492
3 5 681
3 6 362
3 7 292
3 8 968
4 1 900
4 2 417
4 3 822
4 5 754
4 6 704
4 7 215
4 8 287
5 1 18
5 2 607
5 3 431
5 4 79
5 6 662
5 7 141
5 8 190
6 1 240
6 2 555
6 3 931
6 4 34
6 5 109
6 7 863
6 8 758
7 1 792
7 2 291
7 3 867
7 4 835
7 5 805
7 6 664
7 8 48
8 1 956
8 2 920
8 3 784
8 4 403
8 5 162
8 6 398
8 7 912

6 30
1 2 5
1 3 852
1 4 888
1 5 599
1 6 528
2 1 270
2 3 631
2 4 603
2 5 836
2 6 210
3 1 442
3 2 540
3 4 873
3 5 755
3 6 672
4 1 221
4 2 553
4 3 841
4 5 717
4 6 247
5 1 707
5 2 44
5 3 24
5 4 547
5 6 898
6 1 516
6 2 139
6 3 83
6 4 983
6 5 38

