desc: --pages-as-heap=yes --massif-out-file=massif.out
cmd: ./t14pm_unittest
time_unit: i
#-----------
snapshot=0
#-----------
time=0
mem_heap_B=12288
mem_heap_extra_B=0
mem_stacks_B=0
heap_tree=empty
#-----------
snapshot=1
#-----------
time=0
mem_heap_B=20480
mem_heap_extra_B=0
mem_stacks_B=0
heap_tree=empty
#-----------
snapshot=2
#-----------
time=0
mem_heap_B=2641920
mem_heap_extra_B=0
mem_stacks_B=0
heap_tree=empty
#-----------
snapshot=3
#-----------
time=0
mem_heap_B=2801664
mem_heap_extra_B=0
mem_stacks_B=0
heap_tree=empty
#-----------
snapshot=4
#-----------
time=0
mem_heap_B=2809856
mem_heap_extra_B=0
mem_stacks_B=0
heap_tree=empty
#-----------
snapshot=5
#-----------
time=0
mem_heap_B=2813952
mem_heap_extra_B=0
mem_stacks_B=0
heap_tree=empty
#-----------
snapshot=6
#-----------
time=0
mem_heap_B=2818048
mem_heap_extra_B=0
mem_stacks_B=0
heap_tree=empty
#-----------
snapshot=7
#-----------
time=0
mem_heap_B=2822144
mem_heap_extra_B=0
mem_stacks_B=0
heap_tree=empty
#-----------
snapshot=8
#-----------
time=0
mem_heap_B=2834432
mem_heap_extra_B=0
mem_stacks_B=0
heap_tree=empty
#-----------
snapshot=9
#-----------
time=0
mem_heap_B=2838528
mem_heap_extra_B=0
mem_stacks_B=0
heap_tree=detailed
n1: 2838528 (page allocation syscalls) mmap/mremap/brk, --alloc-fns, etc.
 n0: 2838528 0xFFFFFFFFFFFFFFFF: ???
#-----------
snapshot=10
#-----------
time=0
mem_heap_B=2842624
mem_heap_extra_B=0
mem_stacks_B=0
heap_tree=empty
#-----------
snapshot=11
#-----------
time=0
mem_heap_B=2842624
mem_heap_extra_B=0
mem_stacks_B=0
heap_tree=detailed
n2: 2842624 (page allocation syscalls) mmap/mremap/brk, --alloc-fns, etc.
 n0: 2838528 0xFFFFFFFFFFFFFFFF: ???
 n0: 4096 in 1 place, below massif's threshold (1.00%)
#-----------
snapshot=12
#-----------
time=0
mem_heap_B=2838528
mem_heap_extra_B=0
mem_stacks_B=0
heap_tree=empty
#-----------
snapshot=13
#-----------
time=0
mem_heap_B=2838528
mem_heap_extra_B=0
mem_stacks_B=0
heap_tree=empty
#-----------
snapshot=14
#-----------
time=42258
mem_heap_B=4943872
mem_heap_extra_B=0
mem_stacks_B=0
heap_tree=empty
#-----------
snapshot=15
#-----------
time=42371
mem_heap_B=4952064
mem_heap_extra_B=0
mem_stacks_B=0
heap_tree=empty
#-----------
snapshot=16
#-----------
time=45108
mem_heap_B=5103616
mem_heap_extra_B=0
mem_stacks_B=0
heap_tree=empty
#-----------
snapshot=17
#-----------
time=46867
mem_heap_B=5111808
mem_heap_extra_B=0
mem_stacks_B=0
heap_tree=empty
#-----------
snapshot=18
#-----------
time=47481
mem_heap_B=8818688
mem_heap_extra_B=0
mem_stacks_B=0
heap_tree=empty
#-----------
snapshot=19
#-----------
time=47594
mem_heap_B=8867840
mem_heap_extra_B=0
mem_stacks_B=0
heap_tree=empty
#-----------
snapshot=20
#-----------
time=47815
mem_heap_B=8884224
mem_heap_extra_B=0
mem_stacks_B=0
heap_tree=empty
#-----------
snapshot=21
#-----------
time=51548
mem_heap_B=11079680
mem_heap_extra_B=0
mem_stacks_B=0
heap_tree=detailed
n3: 11079680 (page allocation syscalls) mmap/mremap/brk, --alloc-fns, etc.
 n3: 8241152 0x401CF42: mmap (mmap64.c:52)
  n1: 8007680 0x4006D67: _dl_map_object_from_fd (dl-map-segments.h:56)
   n2: 8007680 0x4008FFA: _dl_map_object (dl-load.c:2389)
    n1: 5902336 0x400E310: openaux (dl-deps.c:63)
     n1: 5902336 0x401BC69: _dl_catch_exception (dl-error-skeleton.c:196)
      n1: 5902336 0x400E616: _dl_map_object_deps (dl-deps.c:249)
       n1: 5902336 0x4003EA4: dl_main (rtld.c:1726)
        n1: 5902336 0x401ADCE: _dl_sysdep_start (dl-sysdep.c:253)
         n1: 5902336 0x4002126: _dl_start (rtld.c:414)
          n0: 5902336 0x4001096: ??? (in /lib/x86_64-linux-gnu/ld-2.27.so)
    n1: 2105344 0x4001303: map_doit (rtld.c:591)
     n1: 2105344 0x401BC69: _dl_catch_exception (dl-error-skeleton.c:196)
      n1: 2105344 0x401BCDD: _dl_catch_error (dl-error-skeleton.c:215)
       n1: 2105344 0x4002566: handle_ld_preload (rtld.c:762)
        n1: 2105344 0x4003E33: dl_main (rtld.c:1618)
         n1: 2105344 0x401ADCE: _dl_sysdep_start (dl-sysdep.c:253)
          n1: 2105344 0x4002126: _dl_start (rtld.c:414)
           n0: 2105344 0x4001096: ??? (in /lib/x86_64-linux-gnu/ld-2.27.so)
  n1: 151552 0x40114F3: _dl_sysdep_read_whole_file (dl-misc.c:57)
   n1: 151552 0x4018366: _dl_load_cache_lookup (dl-cache.c:201)
    n1: 151552 0x4009381: _dl_map_object (dl-load.c:2255)
     n1: 151552 0x400E310: openaux (dl-deps.c:63)
      n1: 151552 0x401BC69: _dl_catch_exception (dl-error-skeleton.c:196)
       n1: 151552 0x400E616: _dl_map_object_deps (dl-deps.c:249)
        n1: 151552 0x4003EA4: dl_main (rtld.c:1726)
         n1: 151552 0x401ADCE: _dl_sysdep_start (dl-sysdep.c:253)
          n1: 151552 0x4002126: _dl_start (rtld.c:414)
           n0: 151552 0x4001096: ??? (in /lib/x86_64-linux-gnu/ld-2.27.so)
  n0: 81920 in 3 places, all below massif's threshold (1.00%)
 n0: 2838528 0xFFFFFFFFFFFFFFFF: ???
 n0: 0 in 1 place, below massif's threshold (1.00%)
#-----------
snapshot=22
#-----------
time=51661
mem_heap_B=11087872
mem_heap_extra_B=0
mem_stacks_B=0
heap_tree=empty
#-----------
snapshot=23
#-----------
time=55465
mem_heap_B=13312000
mem_heap_extra_B=0
mem_stacks_B=0
heap_tree=empty
#-----------
snapshot=24
#-----------
time=55559
mem_heap_B=13320192
mem_heap_extra_B=0
mem_stacks_B=0
heap_tree=empty
#-----------
snapshot=25
#-----------
time=56025
mem_heap_B=13336576
mem_heap_extra_B=0
mem_stacks_B=0
heap_tree=empty
#-----------
snapshot=26
#-----------
time=60290
mem_heap_B=17469440
mem_heap_extra_B=0
mem_stacks_B=0
heap_tree=empty
#-----------
snapshot=27
#-----------
time=60384
mem_heap_B=17494016
mem_heap_extra_B=0
mem_stacks_B=0
heap_tree=empty
#-----------
snapshot=28
#-----------
time=60696
mem_heap_B=17510400
mem_heap_extra_B=0
mem_stacks_B=0
heap_tree=empty
#-----------
snapshot=29
#-----------
time=65594
mem_heap_B=21303296
mem_heap_extra_B=0
mem_stacks_B=0
heap_tree=empty
#-----------
snapshot=30
#-----------
time=65707
mem_heap_B=21311488
mem_heap_extra_B=0
mem_stacks_B=0
heap_tree=empty
#-----------
snapshot=31
#-----------
time=84485
mem_heap_B=21319680
mem_heap_extra_B=0
mem_stacks_B=0
heap_tree=detailed
n3: 21319680 (page allocation syscalls) mmap/mremap/brk, --alloc-fns, etc.
 n2: 18481152 0x401CF42: mmap (mmap64.c:52)
  n1: 18157568 0x4006D67: _dl_map_object_from_fd (dl-map-segments.h:56)
   n2: 18157568 0x4008FFA: _dl_map_object (dl-load.c:2389)
    n1: 16052224 0x400E310: openaux (dl-deps.c:63)
     n1: 16052224 0x401BC69: _dl_catch_exception (dl-error-skeleton.c:196)
      n1: 16052224 0x400E616: _dl_map_object_deps (dl-deps.c:249)
       n1: 16052224 0x4003EA4: dl_main (rtld.c:1726)
        n1: 16052224 0x401ADCE: _dl_sysdep_start (dl-sysdep.c:253)
         n1: 16052224 0x4002126: _dl_start (rtld.c:414)
          n0: 16052224 0x4001096: ??? (in /lib/x86_64-linux-gnu/ld-2.27.so)
    n1: 2105344 0x4001303: map_doit (rtld.c:591)
     n1: 2105344 0x401BC69: _dl_catch_exception (dl-error-skeleton.c:196)
      n1: 2105344 0x401BCDD: _dl_catch_error (dl-error-skeleton.c:215)
       n1: 2105344 0x4002566: handle_ld_preload (rtld.c:762)
        n1: 2105344 0x4003E33: dl_main (rtld.c:1618)
         n1: 2105344 0x401ADCE: _dl_sysdep_start (dl-sysdep.c:253)
          n1: 2105344 0x4002126: _dl_start (rtld.c:414)
           n0: 2105344 0x4001096: ??? (in /lib/x86_64-linux-gnu/ld-2.27.so)
  n0: 323584 in 4 places, all below massif's threshold (1.00%)
 n0: 2838528 0xFFFFFFFFFFFFFFFF: ???
 n0: 0 in 1 place, below massif's threshold (1.00%)
#-----------
snapshot=32
#-----------
time=448602
mem_heap_B=21327872
mem_heap_extra_B=0
mem_stacks_B=0
heap_tree=empty
#-----------
snapshot=33
#-----------
time=2029544
mem_heap_B=21327872
mem_heap_extra_B=0
mem_stacks_B=0
heap_tree=peak
n3: 21327872 (page allocation syscalls) mmap/mremap/brk, --alloc-fns, etc.
 n2: 18489344 0x401CF42: mmap (mmap64.c:52)
  n1: 18157568 0x4006D67: _dl_map_object_from_fd (dl-map-segments.h:56)
   n2: 18157568 0x4008FFA: _dl_map_object (dl-load.c:2389)
    n1: 16052224 0x400E310: openaux (dl-deps.c:63)
     n1: 16052224 0x401BC69: _dl_catch_exception (dl-error-skeleton.c:196)
      n1: 16052224 0x400E616: _dl_map_object_deps (dl-deps.c:249)
       n1: 16052224 0x4003EA4: dl_main (rtld.c:1726)
        n1: 16052224 0x401ADCE: _dl_sysdep_start (dl-sysdep.c:253)
         n1: 16052224 0x4002126: _dl_start (rtld.c:414)
          n0: 16052224 0x4001096: ??? (in /lib/x86_64-linux-gnu/ld-2.27.so)
    n1: 2105344 0x4001303: map_doit (rtld.c:591)
     n1: 2105344 0x401BC69: _dl_catch_exception (dl-error-skeleton.c:196)
      n1: 2105344 0x401BCDD: _dl_catch_error (dl-error-skeleton.c:215)
       n1: 2105344 0x4002566: handle_ld_preload (rtld.c:762)
        n1: 2105344 0x4003E33: dl_main (rtld.c:1618)
         n1: 2105344 0x401ADCE: _dl_sysdep_start (dl-sysdep.c:253)
          n1: 2105344 0x4002126: _dl_start (rtld.c:414)
           n0: 2105344 0x4001096: ??? (in /lib/x86_64-linux-gnu/ld-2.27.so)
  n0: 331776 in 4 places, all below massif's threshold (1.00%)
 n0: 2838528 0xFFFFFFFFFFFFFFFF: ???
 n0: 0 in 1 place, below massif's threshold (1.00%)
#-----------
snapshot=34
#-----------
time=2029544
mem_heap_B=21323776
mem_heap_extra_B=0
mem_stacks_B=0
heap_tree=empty
#-----------
snapshot=35
#-----------
time=2109015
mem_heap_B=21311488
mem_heap_extra_B=0
mem_stacks_B=0
heap_tree=empty
