29 25 10
..##.#.#.#
###...###.
#.####.##.
#####.####
######.##.
.########.
##########
##########
....#####.
##.####.#.
.##..###.#
.##...##.#
######.###
..##.#.###
####..###.
#####.####
...#####..
#.###.##..
#####.###.
#..######.
###.######
###..#####
##########
###.######
##########

####.##.##
#####.#...
####.##.##
##..#####.
#....##..#
....###..#
.########.
#.###.###.
#..##.##.#
#..#.#.###
#.#..###..
#.#.##.###
#.#.####.#
#########.
####..####
#..#######
#####.####
##.##.#.##
.##.#.###.
#.#####.##
######.###
#...######
###.#####.
..##.##.##
..##.###.#

.##.##..##
#.########
..##.#.###
##.######.
#..#####..
.######.##
##.####.#.
#####.#.##
#####.##..
.##.##.###
#####.##..
###...###.
..##.#.##.
.###...#.#
.#.#######
###.#.####
#####..#.#
.#..#.##.#
##########
####.#####
######..##
####.#..#.
##.####.#.
###.#.#.##
##########

#.##.##.##
...#.##.##
...###..#.
####.##.#.
...######.
##.##.####
...#######
..##.##.##
#.###.#.#.
##.#...#.#
######.###
#.....#.#.
.#.###.###
#.###.####
###.#.#.#.
#..#.####.
##.#######
###.#.#.#.
.######.#.
####.#####
#..#.#.###
####..#.##
##########
####.#.###
.##.#.#.#.

##########
#..#.#####
#.#.#.##.#
#.##...###
...###.##.
....####.#
.##.##.##.
...#..####
###.######
#####...##
#..###...#
##.#######
#####.####
.#####.##.
#.##.###..
##..#.##.#
###...####
#..#.###..
##.######.
##.#####..
#.#######.
..#.#.####
.######.#.
##.##.####
##..####.#

###.######
.#....#..#
..#.######
#####.####
####..####
####.#####
##.###.##.
.#.######.
########.#
#.#######.
..########
###.######
#.#######.
#####...##
.##...####
##########
.##.######
##....##.#
#.##.####.
.#.#####.#
###.##.###
#.######..
.#.###.#.#
#.##..#.##
##.#..#.##

#.###.#.##
######.#.#
##.##.####
###.#..##.
####.####.
##...#...#
###.#...#.
..#.######
#.#.#.####
##.#.#.###
####.#####
#####.####
.##.#####.
.#######.#
..####..##
#...###.##
...###.#..
#.#..#####
##.#.#..##
##.#######
###.######
####.#.###
#####..#.#
####.###.#
.##.####..

####.##..#
#######.#.
#######.#.
###.####.#
########..
######..#.
#####.#..#
#..#######
.#.###.#.#
..##..##.#
.##.##.#.#
####..##..
..#..###.#
###.#.##..
##..###.##
#######...
###.#.#.#.
#.####.##.
.###.###..
#..#####.#
####.##.##
#.#######.
..####.###
.###.###..
#####.####

##.###.###
.###.##.##
..#...###.
##.....#.#
....####.#
#.########
.#.##.####
.##..##.##
..###.....
#.#..##.##
##.###.##.
##########
#.###.#..#
.#.###.###
#.#..#.###
#.########
####.#.#..
##.#.#.###
#.##..#.##
#.#.#####.
########.#
#...#...##
###.######
#.########
#.###.####

..###.####
##.###..##
#.#..#.###
.####.#...
########.#
...#.#####
.####.#..#
...###.###
####.#..#.
####.#####
#.#####.##
##########
#.####.###
#..#######
####.#.##.
###.#####.
######.##.
.#.###.##.
...###.##.
.####..##.
.##....##.
###.######
.#####.##.
#####.#.#.
####.#..##

#.#.#.#..#
###.#####.
########..
##.#######
#..#.##.##
##.######.
#.####.##.
.#..#.#..#
##....####
##.#######
#.##..####
###...###.
#.#.######
##..#####.
.#.#####.#
###.######
##.#..##.#
##.#...#..
.##.####.#
.#####.#.#
.#.#######
##.##.#.##
######....
#####.###.
.##..###.#

##..####.#
####.#.###
....###..#
#....#...#
##.#######
#####.#.##
####..####
#.#..##.##
###...####
####.#.#.#
######.###
..##.###.#
.#.#.#.###
#####..##.
###.#####.
#.#...###.
##...##.##
#..##.##.#
#####.##..
..#.######
######.###
#.#.#####.
####..###.
##.######.
.###.##..#

########..
##.#######
#...####.#
#####.###.
####.#.#.#
##########
#.######.#
###.##..##
.###.###.#
#.#######.
.#.#.###.#
##.#.##.#.
#########.
##.###.##.
###.###.##
####..#.##
##...#.###
###.###..#
#.#.######
#######.##
.#.####.#.
..#.#..##.
.#.###.###
.####.####
########.#

#..#.##.##
###.#..#.#
#####.#.##
##########
##.#######
#######.#.
.####.##.#
#####.####
####...##.
.#...##...
#.###.#..#
#.#####.##
#######.#.
#.#.###.#.
.####.#.#.
.##..###..
###.#.####
#####.##.#
.#########
.####.####
#.#.####.#
.####.####
###.#.##..
.#.####..#
..##.#####

#######...
.####.#.#.
###.######
.####...##
#.###..###
..###...##
#...#.####
######.###
..#....#.#
#.#####...
.##.....##
#####.####
######.###
##.#.#####
.##.##.###
##########
.#.#.###..
#.#.#.#.#.
##########
######.#..
##.##..#..
##...#####
#..#######
#####.####
##.#.####.

.#...##.##
####.#####
#.##.#..#.
######.#..
#######...
##.######.
..##.#####
##########
##.#####..
.######.##
##..######
###.#.###.
#########.
..###.#..#
#..#####.#
#..####.##
#...#.####
######.###
.####.####
#.#####..#
###....##.
.######.##
###.#.#.##
#.########
###.##.###

##########
###.######
#.#..#..#.
#.#.###.##
###.#.#.##
##########
.#########
#########.
####.....#
..####.##.
##...#.##.
.#.##..#.#
###..##.#.
####....##
.#..#....#
..#####.##
..#.###.##
..#####..#
.#####.###
#..##.#.##
##.#....#.
#.##.##.##
.#..#.####
#..#######
.###.#####

#.#...###.
##.###.##.
###.######
..#...####
..####.##.
..#..#...#
.##.....#.
.#######.#
.#.#######
#########.
####..#.##
#.###.#.##
.#####.#.#
#.###..#.#
..########
#..#.#.###
#.####.#.#
.#.#....##
#.#.#####.
.##.##.###
.##..#.###
#.#.#.##.#
.#..####..
##.#.##..#
##..#####.

#.##..##.#
##..##..#.
####.#####
.###.#.###
###..####.
####..#.##
##.###.##.
#####...##
###..###..
###.##.##.
.#######.#
#...##....
##..#.####
....###.##
#########.
####.###..
####..###.
###.#.##.#
.#.###.###
####..#.##
#####..#..
#..####.##
..##.#####
######..#.
.##.##.##.

..#####.##
##########
#####.#..#
.#.####..#
#.#.#.###.
#.#.##..#.
##.##..#.#
.#####.###
..##..####
####.##.#.
#####.####
#.##.#####
#######..#
.#..######
##########
..##.###.#
#.##.#.###
###.#.#.##
...###.###
.#.#######
.##...##.#
.###.#####
###.###.##
####.###..
##########

#.#.#.####
####.#.###
..#####.##
##.#####..
###.##.#..
.#.#.####.
#####.#.##
#####....#
##.##.###.
#.#.#####.
#.#..#.###
#####.##.#
..#.####.#
##..#####.
##.#######
###.#.####
##.#.##..#
.....###..
#.#......#
#..##..###
##.###...#
#.####.###
#####.####
######.#.#
#..####..#

##.##.##.#
.####.##.#
.##.#.#..#
#.#.##.#.#
##.######.
#########.
###.######
#######.##
.....##.#.
#########.
###..##.##
##.#######
#.###.#.#.
#.###.####
..###.###.
.#.#.###.#
..#.####.#
#.###.###.
.####..###
#.###.###.
#.#.###..#
#.####.###
#..#..#.##
##.#...###
#####.####

####..##.#
.#########
######.###
#.####..#.
...###.###
#.##..####
###.######
######.###
.#..##.##.
#######.##
####.####.
##.#######
##..#..#.#
.#.#.#####
##.##.#.##
##.###...#
####.###.#
##..######
#####.####
###.##...#
#..####.#.
##.###.#..
.....#####
####....##
##.##..###

##.###.##.
####.##.#.
###.######
#..##.###.
.##.####.#
#####..###
#######.##
#####.###.
.#.#.#####
##.#.#####
.#..#####.
#.##.####.
..#.#.##..
.####..###
#####..#.#
.#.#.##..#
#####.#.E#
.#..##...#
###......#
.#.###.##.
...####...
##.#####..
#.#.######
##.#.##.#.
.####..###

####..##.#
###.######
..#....###
.###.#####
###.###.#.
.###.#.###
.#.#.#..#.
##.###..##
##.#..####
######....
#.########
.########.
#.####.##.
##..#.####
###.#.####
###.######
#####.##.#
##..#.####
##..###..#
.#.###.###
#....#.###
#.##.#.#.#
.#.#######
#.####.#.#
#####.###.

#.##.###..
###.######
.#########
#######..#
##.######.
#.#.#.#.##
#.##.#.##.
#.####.###
.#####.#..
###.######
#.##..##.#
#####..##.
#..##..#.#
##.#######
#.#####.##
##..#.####
#.#####..#
##########
##.##..##.
#..##.##..
#.#..#####
######.#.#
#.##..##..
#.##.####.
#####.#.##

#######..#
#####.###.
#######..#
..#######.
.#.###..#.
#####.#.##
#..#.###.#
..###.####
####..####
#.##..#..#
#.###.####
..###.####
##########
#.########
#.###...#.
#..#.#.##.
#.###...##
#######.##
########..
.###.#.###
###.###..#
#####..###
##.#.#####
#.##..##.#
..######.#

#.#.####.#
.###.#.###
###...####
###...##.#
.#.##.#.##
#.########
######.##.
######.###
##.#.#####
#####..###
#####.##.#
##...###.#
#.#.#..#.#
####.#.#..
####...##.
####.#####
.#S#.##.##
#.#.###.#.
.#.####.#.
.#####..#.
.#########
.#.#######
##.##.##.#
##..##.#.#
####.###..

.###.#..##
.##.######
.#####.#.#
.##..####.
###.#.##.#
###.#.#...
.########.
##.###.###
##########
#.########
##.#.#.##.
###.###.#.
###.###.#.
#..######.
######.###
#..#.#.###
##.....#.#
.#####.#.#
#.########
#.########
.###.#.###
########.#
.#######.#
#.#######.
..#.######

26 15 29
####.###..#######...#.#..##.#
###.#################.##.#.##
#####.##..##.####.##.##.##.#.
######..#.#.#.###.#####.#.###
####..################..#.###
.######...#.##...#.#.#.######
########.#####.######..####.#
.#.###.##.#####.##########.##
.#....#.#.#.######.##..#####.
#..#####.##..###...####.##.##
###..####..#.#####....#..###.
.#.####.#######..####..###..#
#######.#.#.###.##.#.#####.##
#.#.#.#.##.###...###..####.##
#.#.#..#####.##.##.##..#.#...

#......#######.######.#####..
######.##..#..##.####.#####.#
#############..###..###.###.#
####.##.###..#######..#..#.##
.#..##.#..#.##..#..###.###.##
####...##.#...##.###.######.#
...#.####.######.####..##.###
.##.############..###########
.....##.####...##.#######.##.
.###..####.#######.##..##.###
##.####..##.#...##.#######..#
########..####.#.##...##.####
.##.######.#####.###.#.####.#
#.####.######..####.#.#######
.#.....#####.#..#.#.#########

.###..###.#########.#####.###
##.#.##.##.#######.####.#.##.
####.###.##.###.####..#..##..
..##.#.###.#####.#..#.##.##..
.#.#########.##.....##.###.##
#####..####.##.....##.#.##.##
####..###.###.##.####.###...#
####.#.#####....####..####.#.
##.#.#.#######..####.#..#.###
#.#.#.###.#.#.####.#.#.#..###
##..#.###.###..#.#..#..####..
#######..####.#..#.#..#.#.###
.#####.####...###...####.#..#
##.#########.######..##.#..##
#####.#.#.#.###.#.#.#########

.###.#..#..###########..###.#
##############..######.###.##
.....#####...###.#.##.###.###
.##.#########.#.#.####.##.###
...###..#.##.######.##.##..#.
..#...###.###.##############.
###.#####...####.######.##.##
##..####.##########.####.#..#
#####.##.####.#######.#.#..##
.#.#..#######...###.#####..##
####...#########.##.###.#####
#.###.######.#.###.#######.##
####.#.######..##.#.###..#.##
###.##.###...##.###..####..#.
..###..#.########.###..#.####

#..#..######.#####.###.#.####
###.####.#.##..###.###.#.#.##
#####.#######..#.##.##.#.##..
######.####.#######..###..###
###..###.##.#.....###.#.#####
######..###########.########.
..###.###..##.############.##
#..####..##.#.#######..#...##
##..#.#####.#######..##.###.#
#####.#.##.#..#####..######.#
.#########..#..####.####.####
###..#.#..##.##..##.####.####
.#############.####.#..###..#
#.##.##.#.##.######.###..#.##
.########.##.#.#.############

.#########.####.###...####.##
##################..#.#####..
.####.##.#.######.###.###.###
.....#######..####..###..####
.#####..########..###...#####
.###.##.#.############...##.#
#..#########.#.##########..##
#########.#######.###..#.#.##
###...##.#..#.########.#.####
###.###.##########.####...###
#.#.####.###.########..##.##.
##.#...#.########.###.####..#
####.###.#.#.#####.####.##.##
######..##..##.##..#######.##
.####..###.#.#.#.####.###.###

###########.#####....##.###.#
..######.###.#######.#####..#
#.###..#####.#####..#######..
###.#..####..#..##.#.#####.##
######.####.###.#..####.##.##
###....###..##.##..#####.##.#
#.##.##.#.###.####.###..#.#.#
###.#############...##.##.#.#
###..###.#...#..##...#.###.#.
###.###.#####.##......##.####
..######..#.#..#.######.####.
###.###.#####.##.###...####.#
#.##..##.#..#.###..####.#####
###..####..#######..#######.#
###.#############...###.#####

.#..##...####.#.##.##....##.#
##.##.###.######.#.###.##.##.
###..#..#########...###.##.#.
##########..###.#.####.######
#######.#.#####.##.########.#
#########..##.####.###....#.#
################.###.##.#####
...#######...####..#####...##
#.##.#.###############.#.#...
###.####....##.#.##..######.#
.#.#######..###.##.##########
####..####.#...#####.#.####.#
..##.#####.#..#####.#########
.######.########.#.####..#.##
##..######..#.####.###.#.##.#

########.#######..#.###..#.#.
#####.##.#..#..#.#####.#..#.#
#.#####.#.#######..####.#####
..#######.#####..#.####...#.#
#.######.#####...#...##.....#
.###..##..#.#####.###.#..##.#
..##.#....##..##...########.#
####..##########.##.#########
..########..######..##..#.###
###.############..###..######
#.####..####.#..####....#.#..
####.#.#.##.##.##.##.#.####.#
####..#.#########.##..#..##.#
#.########.#.#..###.###.##..#
.##.#.##.###..##.##..#..#..##

.##.###########.##.##########
#..###..##.#..#..#.##.###.#.#
.#...#..####..####..##.###.#.
####.##.#####.#########..####
.#################.#.#####.##
..#.....#.####.##.#.###.#.###
.###..##..#..####.#..#.#...##
##.###.####.#.##..##.###.####
##.####.###.#########.##.####
#.###..#.#.#.#...#.####.##..#
###.######..#.#.###..#..####.
.#..##.###.#.######.....#####
##########.#.#####..###.##.##
##.#.#.#####.##.#.######.#...
###.#.##..#####.#.###.######.

###.#.##.....#.###.##.#.####.
.#....###.#####.#.##..#.#####
############..#######..##...#
###...#..#.######.##.###.#.#.
#..#...####.#.###.#..##..####
.###.####.###.##.###.##.#####
..#.####..##.########.####.##
#####.##....#.####...########
###.#..###.#.##.###.#.##..#.#
.####.###..#.###..######..#..
.######..###.######.###.#.##.
#..##.#..#.##..#.##..#..#####
######.###....####..####.####
##.####.####..###########.###
#####.##..#.#####.###########

.###.###.#############..##..#
.#.####..#.#########.#..####.
#..######..##..##.#########.#
##..#####..#.################
.#######...##.#.###.#####.##.
.###..#..#.######.####...#...
########..###################
.####.##.#####.##.##....#####
#.###.##.###.##.##.##########
##..##.....##.#...#.#.#######
##.###.###.##..#.##.#######.#
.##########.########.#.##.##.
##.####.#.#...###.####..##.#.
.###..##.###.###...#.#####.##
#########.#.########.##...###

#.#..##.#..##.#..#.##...####.
#####.#####..################
#######.#.##.################
#####.#.###.##.###...########
.#####..#####.######..#####.#
.#.####.#.##.######.#.######.
##.#########.#####.#.#..####.
####.#.#######.###.##.###..##
#.####.#############.###...##
#.##.#########.###.######....
#####.######.#.#.#######.#..#
.#####.#.###..#########.####.
..###.##.##############.#####
#.###.##.##########...#######
##.##.#.##..###..####..#.###.

....####.########.##..####.#.
..###.#####..####......#####.
.#...####.#.###...###.###..#.
..#..#.#.######.##.######.###
#.#####..#.####.###...#.####.
.#.#.##.####.##.###..##.####.
#####.###.#####..#.#.###.###.
#.#.#..#.########.######.##..
#####.#######.#...#.##.##.##.
###..######..##.##.####.#.#.#
##..###...#.....#.#########.#
.########.#####..####.######.
####.#.#..#.##...##.####.####
..#######.##..#####.#.#######
###.#..######.#######.##.###.

..######..#...##.###########.
.###.###.##.##.######...####.
..####.#####.#####..##.#...##
...#######.##.########.###..#
##.###.##.#.###..#.##....#.#.
#.###..###########..##.#.###.
###.#######.####..#########.#
#####.##.##..#.#..#.######...
##...######.##.#####.####..##
#..###.####.######..##..##.##
###.#.#.#..#..#...#.#.##.###.
#.#.##.#######..###..#.##.##.
##.#.#..##..#####.########..#
#.###....####.#.#######.#.###
###.###.##########.#####.####

.#######.#####.#.#######..###
##....####.#...#####..#.#.###
.###.#.#.####.##.###....#.##.
##.#..###..##.##.#.#######.#.
###.##.#.#.##.###.####..#.#.#
####..#.#.#..####..###.##.###
.#..##.#..#.######...####.###
####.#####...#.##.####.####.#
######.##...#######.#####.#.#
##.###.#####..#.##.#..####..#
#.#.#########.#E############.
.##########.#.####.#.#######.
########.#.#####...##.##..##.
..########.###.#.###.#.##...#
##.#.###.#...#########...####

#########.#.#.####..##.#..#.#
#.######..#.#.#############.#
####.############..#.#.#..###
#########.#.###.###.##.#..##.
####..###..####...#..#######.
.###.####.##...######..##....
####.#.#..########...#####.#.
.####.##.#.####.#.##.###.####
##.#.#.#.########.#..#..####.
...###.#..#.###.#####.####.##
###.##.###.#.#.#####..#.####.
#####.#.#####.####.#.#.#.##..
####.#.####.##.##..####.####.
.#..####.#..##.##.##..######.
###.#.##..##.######.##.###.##

.######.####..####..##.##.###
.###.#####.#####.######..##..
.##########.###.....####.####
#..#.####.#..##.###.#..#.####
##..##.##.######..####.####.#
..#...#####.#######.#..#.#.##
.##.#.#.##.####..#####..#.##.
#..#######...#######.#..#.#..
#..###.########.#..###...#.##
#####.###.###..#..###.#######
.#######.######.###..########
######..########.#.#.#######.
##...#.#....#..###..#...###..
...###.##############.###.###
#.#.#.#..####.#####.########.

####...#.##.#######.#.####.##
#####.####..###.#.####.####..
#####..####.###.##.##.##...##
##.##..#.#...######.#.#####.#
#....#####.####.#..#######.#.
###.#####.#..#.###.###....#..
##.#####.#....##.#######.####
##.##.##.##.#.##..#.#..######
...##.##..######.###.######..
###..########.##.#.##...####.
###.##.#########.##..########
..#.####..##.####.##..##....#
######.#..###.#.#..#.###...##
.#..##...#####.#####.###.##..
###.#..##.######..####..#.#.#

#.######.#####.####.#...###.#
.#####.####..#..#...####.##.#
###.#.##.#####.#####.##..####
###.#..#############.###.####
#..############..#.####..#.#.
###.####.##..#######.##.##.##
#.##.#.#####.#.#.#.##..######
##.####......#..##.#.####.###
##..########.###.######..##..
#..######.##.##.#.#.#.####.##
#.#.#.##.#####.##.#.####.####
##..####.##.##.#########.####
#..#####.#####.####..##.#####
###...##.##.##.##..####..#.#.
###.##..#.##..##..######.###.

##.##.###..#.#.###.###...#..#
##..#####.#####.##..#.##.##.#
.#####.##.###..####.###..####
#####.##.#.##.#########.##.##
.###.####.#...#.#.#..#.####.#
#.#####.####.#.###.#.#..##.##
#.#########.###.##.####..###.
######....#.###.#.####.##.##.
.####..##..###.###..#.###.#..
#.###.##.###.#####.#.####..#.
#####.#.##.#..###.###########
##.###.#.#.###...#.######..##
.###.#..#######...######.##..
..####.##..##...##.###.#.#.#.
.##.###...#.###.##.##.##.####

#######.##..#.#..#.###.######
##..#..####...#.##.#########.
########.#.##.####.####.#.#.#
#.##.#.###.####.####...######
#####.#.#..#.######.##.###.#.
###.#.##.#.####.#..###...#.##
###..#.#########.#.#####...#.
.###.####.#.###.###.##.#####.
##.##.###.##.#..####..#.#.##.
#.#####....##########.##..##.
##.##..S###..##...###.####..#
.###.###..#####..##.###..#.##
###.#######.####.##...##.####
###.###..##.#.#########..###.
##.#.##.####.###...########.#

.#######.##.#####...####.##.#
..##.##..#######.#.#####.#.##
...####.##.#.#####.##.#.#####
##.##.###.###..#######.##..##
###..#####..####.####.#######
###..###.#####.##..#########.
##.#.#######..#..#.#....#####
##.#.###########.#.##.####.##
.##.##.#.#...###.##.#...####.
##########.##.#.###########.#
##.##...#.######.###.##..#.#.
#####.####.#.#.#.###########.
############.#.###..#########
.#..###.############..#######
.###.#.#.##########.###.#####

###..##.############.####.##.
.####.#.###.#..####.####.#...
##...###..###....#########.#.
#.##.######.#.####.##.###...#
..############.##...#..##.###
############.##..#.......####
##.######..#..##..####.####.#
#######..#############.######
.###.#.#.#####.#.####..#..###
##.##...####.#####.##.###.###
#..#.#####.##.#...#.##.#.####
##.#..#.##.#..###.#####.###.#
##.....#########.#.###.######
###.###.#########.###..###.#.
.###.#.#.#####.###.#.#.##..#.

#.##.##########.#.#.#.##..###
..##.##############..#####.##
.#.##.#.####.##########.#####
###.###.####.###...#..##.##..
#######.###.#.###########.#..
###.#######..#.#.#.#####.####
###.#########.#..###..##.##.#
##.#######..######..#.#######
#######.#.#.#####..#.#######.
#.#.#.#########.##.#####..###
.#.##..###.#######.###...#..#
##.########.#.###.##.#####..#
..###..#.#.#.##.##.#.#.######
#..###.######.#######..#.####
#..#.##.##..#.#.#.#..########

#.####.#.##.##.##..##.##..###
######.#.####.####.####.#####
##########.#..##############.
####....#####..###..####.####
####..########..#######..####
##....###.###..#######.###...
#.####.#.###.#.#..####.######
.##.###.##.####.#######.##...
#.#.##...##..#.###.###.###..#
##########.####.#.##########.
#..#.#####....####.#####.####
##.####...##.######.##..#.#.#
#######.#######.###.##.##.##.
##########.##.#####.##.##..##
#.###.###.######..#.#########
