6 497334 82889 0 0
25 498425 19937 0 0
37 496577 13421 0 0
69 471477 6833 0 0
80 462640 5783 0 0
110 48730 443 0 0
126 474642 3767 0 0
137 420179 3067 0 0
151 462211 3061 0 0
228 45372 199 0 0
231 480711 2081 0 0
247 411749 1667 0 0
312 31512 101 0 0
372 383532 1031 0 0
386 495238 1283 0 0
391 384353 983 0 0
410 445670 1087 0 0
412 475036 1153 0 0
413 487753 1181 0 0
450 369450 821 0 0
466 313618 673 0 0
502 406118 809 0 0
515 339385 659 0 0
523 383359 733 0 0
526 378194 719 0 0
577 495643 859 0 0
579 291237 503 0 0
586 334606 571 0 0
591 456843 773 0 0
598 17342 29 0 0
748 389708 521 0 0
768 493824 643 0 0
789 157011 199 0 0
790 342070 433 0 0
814 482702 593 0 0
865 353785 409 0 0
916 411284 449 0 0
917 281519 307 0 0
928 372128 401 0 0
931 323057 347 0 0
1000 491000 491 0 0
1042 438682 421 0 0
1046 450826 431 0 0
1057 235711 223 0 0
1115 253105 227 0 0
1123 486259 433 0 0
1156 313276 271 0 0
1182 440886 373 0 0
1264 453776 359 0 0
1319 365363 277 0 0
1339 467311 349 0 0
1357 107203 79 0 0
1389 323637 233 0 0
1411 196129 139 0 0
1491 359331 241 0 0
1559 438079 281 0 0
1675 353425 211 0 0
1685 476855 283 0 0
1695 140685 83 0 0
1724 463756 269 0 0
1730 434230 251 0 0
1760 244640 139 0 0
1771 19481 11 0 0
1795 450545 251 0 0
1804 409508 227 0 0
1822 468254 257 0 0
1830 305610 167 0 0
1885 495755 263 0 0
1947 465333 239 0 0
1990 300490 151 0 0
1998 465534 233 0 0
2012 315884 157 0 0
2085 360705 173 0 0
2120 205640 97 0 0
2188 146596 67 0 0
2190 89790 41 0 0
2191 24101 11 0 0
2225 398275 179 0 0
2246 406526 181 0 0
2312 362984 157 0 0
2351 68179 29 0 0
2365 499015 211 0 0
2379 168909 71 0 0
2416 74896 31 0 0
2468 239396 97 0 0
2482 369818 149 0 0
2568 172056 67 0 0
2626 217958 83 0 0
2703 116229 43 0 0
2764 411836 149 0 0
2783 80707 29 0 0
2809 457867 163 0 0
2840 207320 73 0 0
2862 237546 83 0 0
2887 118367 41 0 0
2923 476449 163 0 0
2925 435825 149 0 0
2959 127237 43 0 0
2969 442381 149 0 0
2971 5942 2 0 0
3110 469610 151 0 0
3144 399288 127 0 0
3289 200629 61 0 0
3293 431383 131 0 0
3375 97875 29 0 0
3388 179564 53 0 0
3407 105617 31 0 0
3592 348424 97 0 0
3609 494433 137 0 0
3620 83260 23 0 0
3692 269516 73 0 0
3737 310171 83 0 0
3766 71554 19 0 0
3809 201877 53 0 0
3818 484886 127 0 0
3884 11652 3 0 0
3885 11655 3 0 0
3922 66674 17 0 0
3977 43747 11 0 0
4036 8072 2 0 0
4074 215922 53 0 0
4098 168018 41 0 0
4103 463639 113 0 0
4181 455729 109 0 0
4205 298555 71 0 0
4276 8552 2 0 0
4359 387951 89 0 0
4438 474866 107 0 0
4519 275659 61 0 0
4523 357317 79 0 0
4553 459853 101 0 0
4560 241680 53 0 0
4687 332777 71 0 0
4851 92169 19 0 0
4877 53647 11 0 0
4902 93138 19 0 0
4973 144217 29 0 0
5027 145783 29 0 0
5032 488104 97 0 0
5198 410642 79 0 0
5230 245810 47 0 0
5330 26650 5 0 0
5413 481757 89 0 0
5470 366490 67 0 0
5499 401427 73 0 0
5508 159732 29 0 0
5530 237790 43 0 0
5559 239037 43 0 0
5561 372587 67 0 0
5709 451011 79 0 0
5713 97121 17 0 0
5763 109497 19 0 0
5797 17391 3 0 0
5868 252324 43 0 0
5939 397913 67 0 0
5990 353410 59 0 0
6009 174261 29 0 0
6070 103190 17 0 0
6082 79066 13 0 0
6185 451505 73 0 0
6277 458221 73 0 0
6398 108766 17 0 0
6407 70477 11 0 0
6411 455181 71 0 0
6507 266787 41 0 0
6517 267197 41 0 0
6575 111775 17 0 0
6583 480559 73 0 0
6627 33135 5 0 0
6698 488954 73 0 0
6800 360400 53 0 0
6808 34040 5 0 0
6853 280973 41 0 0
6892 13784 2 0 0
6998 76978 11 0 0
7040 218240 31 0 0
7081 92053 13 0 0
7099 475633 67 0 0
7116 377148 53 0 0
7200 50400 7 0 0
7269 79959 11 0 0
7357 139783 19 0 0
7494 457134 61 0 0
7676 222604 29 0 0
7691 84601 11 0 0
7720 23160 3 0 0
7807 54649 7 0 0
7858 416474 53 0 0
7887 228723 29 0 0
7927 293299 37 0 0
8057 491477 61 0 0
8136 301032 37 0 0
8185 139145 17 0 0
8254 305398 37 0 0
8535 349935 41 0 0
8586 369198 43 0 0
8700 461100 53 0 0
8747 201181 23 0 0
8776 43880 5 0 0
8902 275962 31 0 0
8994 170886 19 0 0
8998 26994 3 0 0
9029 334073 37 0 0
9043 153731 17 0 0
9111 282441 31 0 0
9327 494331 53 0 0
9351 18702 2 0 0
9356 65492 7 0 0
9402 498306 53 0 0
9492 408156 43 0 0
9540 124020 13 0 0
9549 276921 29 0 0
9843 403563 41 0 0
9855 404055 41 0 0
9927 129051 13 0 0
10015 70105 7 0 0
10073 312263 31 0 0
10169 193211 19 0 0
10235 317285 31 0 0
10278 71946 7 0 0
10304 484288 47 0 0
10400 384800 37 0 0
10445 490915 47 0 0
10476 303804 29 0 0
10481 324911 31 0 0
10716 32148 3 0 0
10722 203718 19 0 0
10768 312272 29 0 0
11029 341899 31 0 0
11033 342023 31 0 0
11162 256726 23 0 0
11169 413253 37 0 0
11176 413512 37 0 0
11224 56120 5 0 0
11292 485556 43 0 0
11303 33909 3 0 0
11357 124927 11 0 0
11402 467482 41 0 0
11411 262453 23 0 0
11469 57345 5 0 0
11574 219906 19 0 0
11742 58710 5 0 0
11835 201195 17 0 0
11946 23892 2 0 0
12024 60120 5 0 0
12156 376836 31 0 0
12555 238545 19 0 0
12644 240236 19 0 0
12743 89201 7 0 0
12764 216988 17 0 0
12827 397637 31 0 0
12838 64190 5 0 0
12913 142043 11 0 0
12922 167986 13 0 0
12953 246107 19 0 0
13023 299529 23 0 0
13073 65365 5 0 0
13083 143913 11 0 0
13113 91791 7 0 0
13207 303761 23 0 0
13298 93086 7 0 0
13317 492729 37 0 0
13355 26710 2 0 0
13464 148104 11 0 0
13749 233733 17 0 0
13829 69145 5 0 0
13837 41511 3 0 0
13913 403477 29 0 0
13932 97524 7 0 0
13986 265734 19 0 0
14136 325128 23 0 0
14328 186264 13 0 0
14339 243763 17 0 0
14475 419775 29 0 0
14580 335340 23 0 0
14593 452383 31 0 0
14888 282872 19 0 0
14900 193700 13 0 0
15063 346449 23 0 0
15178 30356 2 0 0
15307 352061 23 0 0
15404 261868 17 0 0
15435 262395 17 0 0
15437 200681 13 0 0
15521 77605 5 0 0
15590 265030 17 0 0
15633 46899 3 0 0
15662 172282 11 0 0
15688 298072 19 0 0
15809 300371 19 0 0
15946 271082 17 0 0
15989 175879 11 0 0
16181 177991 11 0 0
16313 81565 5 0 0
16386 49158 3 0 0
16457 82285 5 0 0
16521 214773 13 0 0
16564 82820 5 0 0
16600 83000 5 0 0
16826 319694 19 0 0
16850 387550 23 0 0
16954 33908 2 0 0
16977 50931 3 0 0
17037 323703 19 0 0
17225 189475 11 0 0
17228 223964 13 0 0
17284 224692 13 0 0
17300 328700 19 0 0
17516 402868 23 0 0
17555 403765 23 0 0
17559 87795 5 0 0
17582 52746 3 0 0
17608 334552 19 0 0
17690 53070 3 0 0
17742 337098 19 0 0
17770 195470 11 0 0
17871 196581 11 0 0
17889 89445 5 0 0
18244 419612 23 0 0
18321 201531 11 0 0
18415 55245 3 0 0
18481 351139 19 0 0
18638 428674 23 0 0
18678 56034 3 0 0
18772 93860 5 0 0
18794 319498 17 0 0
18847 94235 5 0 0
19061 247793 13 0 0
19095 210045 11 0 0
19162 38324 2 0 0
19218 249834 13 0 0
19305 328185 17 0 0
19323 444429 23 0 0
19463 136241 7 0 0
19625 39250 2 0 0
19938 458574 23 0 0
19987 339779 17 0 0
20052 40104 2 0 0
20149 342533 17 0 0
20203 222233 11 0 0
20347 345899 17 0 0
20405 224455 11 0 0
20427 469821 23 0 0
20453 470419 23 0 0
20700 393300 19 0 0
20723 393737 19 0 0
20772 62316 3 0 0
20924 272012 13 0 0
20967 41934 2 0 0
20994 104970 5 0 0
21069 63207 3 0 0
21127 105635 5 0 0
21163 148141 7 0 0
21287 489601 23 0 0
21346 490958 23 0 0
21376 106880 5 0 0
21435 150045 7 0 0
21444 493212 23 0 0
21532 279916 13 0 0
21546 43092 2 0 0
21552 150864 7 0 0
21703 151921 7 0 0
21800 414200 19 0 0
21910 43820 2 0 0
22027 374459 17 0 0
22091 66273 3 0 0
22247 378199 17 0 0
22342 111710 5 0 0
22416 112080 5 0 0
22441 381497 17 0 0
22471 67413 3 0 0
22474 427006 19 0 0
22475 44950 2 0 0
22589 248479 11 0 0
22591 384047 17 0 0
22908 114540 5 0 0
23021 46042 2 0 0
23218 301834 13 0 0
23265 442035 19 0 0
23558 117790 5 0 0
23742 71226 3 0 0
23791 309283 13 0 0
23830 405110 17 0 0
23847 71541 3 0 0
24098 457862 19 0 0
24380 121900 5 0 0
24536 73608 3 0 0
24604 73812 3 0 0
24614 319982 13 0 0
24655 172585 7 0 0
24813 322569 13 0 0
24936 124680 5 0 0
24986 49972 2 0 0
25094 426598 17 0 0
25107 326391 13 0 0
25133 125665 5 0 0
25218 50436 2 0 0
25247 479693 19 0 0
25316 329108 13 0 0
25400 482600 19 0 0
25453 279983 11 0 0
25704 436968 17 0 0
25813 180691 7 0 0
25848 77544 3 0 0
25905 492195 19 0 0
25973 337649 13 0 0
26140 444380 17 0 0
26226 445842 17 0 0
26448 343824 13 0 0
26665 133325 5 0 0
26749 80247 3 0 0
26774 187418 7 0 0
26813 348569 13 0 0
26836 80508 3 0 0
26989 134945 5 0 0
27009 54018 2 0 0
27121 352573 13 0 0
27142 135710 5 0 0
27378 54756 2 0 0
27423 466191 17 0 0
27444 356772 13 0 0
27449 466633 17 0 0
27697 304667 11 0 0
27755 55510 2 0 0
27782 138910 5 0 0
27851 55702 2 0 0
27972 83916 3 0 0
28003 364039 13 0 0
28132 56264 2 0 0
28342 141710 5 0 0
28352 141760 5 0 0
28636 314996 11 0 0
28790 374270 13 0 0
28819 144095 5 0 0
28936 57872 2 0 0
29244 321684 11 0 0
29460 206220 7 0 0
29594 384722 13 0 0
29888 149440 5 0 0
30147 90441 3 0 0
30300 393900 13 0 0
30312 212184 7 0 0
30591 91773 3 0 0
30596 336556 11 0 0
30963 340593 11 0 0
31045 62090 2 0 0
31316 219212 7 0 0
31636 94908 3 0 0
31746 158730 5 0 0
31994 63988 2 0 0
31999 351989 11 0 0
32074 64148 2 0 0
32206 96618 3 0 0
32322 161610 5 0 0
32405 226835 7 0 0
32576 228032 7 0 0
33062 99186 3 0 0
33069 165345 5 0 0
33422 100266 3 0 0
33893 440609 13 0 0
34003 374033 11 0 0
34406 240842 7 0 0
35244 70488 2 0 0
35332 247324 7 0 0
35406 106218 3 0 0
35413 106239 3 0 0
35447 389917 11 0 0
35505 248535 7 0 0
35709 107127 3 0 0
35936 107808 3 0 0
36102 252714 7 0 0
36186 72372 2 0 0
36229 470977 13 0 0
36363 109089 3 0 0
36600 402600 11 0 0
36659 476567 13 0 0
36702 183510 5 0 0
37305 261135 7 0 0
37369 411059 11 0 0
37421 112263 3 0 0
37442 411862 11 0 0
37633 188165 5 0 0
37661 75322 2 0 0
37702 75404 2 0 0
37779 264453 7 0 0
38200 191000 5 0 0
38510 269570 7 0 0
38810 426910 11 0 0
38852 194260 5 0 0
38916 116748 3 0 0
39462 434082 11 0 0
40120 120360 3 0 0
40268 120804 3 0 0
40597 81194 2 0 0
40639 81278 2 0 0
40655 81310 2 0 0
40656 121968 3 0 0
40820 449020 11 0 0
41081 205405 5 0 0
41157 82314 2 0 0
41328 82656 2 0 0
41368 455048 11 0 0
41414 289898 7 0 0
41558 83116 2 0 0
41563 290941 7 0 0
41681 83362 2 0 0
41872 293104 7 0 0
41984 125952 3 0 0
42299 296093 7 0 0
42352 296464 7 0 0
42540 127620 3 0 0
42773 128319 3 0 0
42817 85634 2 0 0
42838 85676 2 0 0
42910 85820 2 0 0
43009 215045 5 0 0
43267 216335 5 0 0
43325 86650 2 0 0
43393 86786 2 0 0
43614 479754 11 0 0
43714 305998 7 0 0
44321 310247 7 0 0
44549 311843 7 0 0
44708 89416 2 0 0
44857 224285 5 0 0
45092 135276 3 0 0
45298 226490 5 0 0
45313 90626 2 0 0
45919 137757 3 0 0
46125 322875 7 0 0
46138 230690 5 0 0
46811 93622 2 0 0
46867 234335 5 0 0
47037 235185 5 0 0
47104 141312 3 0 0
47213 236065 5 0 0
47770 238850 5 0 0
47820 143460 3 0 0
47838 143514 3 0 0
47942 95884 2 0 0
48021 240105 5 0 0
48518 339626 7 0 0
48628 243140 5 0 0
48674 97348 2 0 0
49034 245170 5 0 0
49799 348593 7 0 0
49937 149811 3 0 0
50473 353311 7 0 0
50580 354060 7 0 0
50943 101886 2 0 0
51328 256640 5 0 0
51404 154212 3 0 0
51557 257785 5 0 0
51820 259100 5 0 0
51899 259495 5 0 0
51902 259510 5 0 0
52032 156096 3 0 0
52478 367346 7 0 0
52536 105072 2 0 0
52750 105500 2 0 0
52851 369957 7 0 0
53012 159036 3 0 0
53252 372764 7 0 0
53587 375109 7 0 0
53600 268000 5 0 0
53782 376474 7 0 0
53920 161760 3 0 0
53963 107926 2 0 0
54002 162006 3 0 0
54893 164679 3 0 0
54934 109868 2 0 0
55084 165252 3 0 0
55127 165381 3 0 0
55224 110448 2 0 0
55232 165696 3 0 0
55641 111282 2 0 0
55937 279685 5 0 0
56072 280360 5 0 0
56746 170238 3 0 0
56756 283780 5 0 0
56776 170328 3 0 0
56905 170715 3 0 0
57101 285505 5 0 0
57209 114418 2 0 0
57498 114996 2 0 0
57526 115052 2 0 0
57538 402766 7 0 0
57561 402927 7 0 0
58129 116258 2 0 0
58310 116620 2 0 0
59138 413966 7 0 0
59234 177702 3 0 0
59865 299325 5 0 0
60188 180564 3 0 0
60730 303650 5 0 0
60775 425425 7 0 0
60949 121898 2 0 0
61713 431991 7 0 0
61768 432376 7 0 0
61873 123746 2 0 0
62045 434315 7 0 0
62365 124730 2 0 0
62486 187458 3 0 0
62798 125596 2 0 0
62898 440286 7 0 0
63213 126426 2 0 0
63229 126458 2 0 0
63336 316680 5 0 0
63365 126730 2 0 0
63621 318105 5 0 0
63629 318145 5 0 0
63634 190902 3 0 0
63789 191367 3 0 0
63799 318995 5 0 0
64121 320605 5 0 0
64222 449554 7 0 0
64338 193014 3 0 0
64677 452739 7 0 0
64774 323870 5 0 0
64856 194568 3 0 0
64876 454132 7 0 0
65215 130430 2 0 0
65277 456939 7 0 0
65388 326940 5 0 0
65428 327140 5 0 0
65500 131000 2 0 0
65850 131700 2 0 0
66294 132588 2 0 0
66659 199977 3 0 0
66716 200148 3 0 0
66734 333670 5 0 0
67019 469133 7 0 0
67048 335240 5 0 0
67051 335255 5 0 0
67060 469420 7 0 0
67205 470435 7 0 0
67314 134628 2 0 0
67764 338820 5 0 0
68146 136292 2 0 0
68290 478030 7 0 0
68435 479045 7 0 0
68444 205332 3 0 0
68848 344240 5 0 0
68967 344835 5 0 0
69213 207639 3 0 0
69239 138478 2 0 0
69397 138794 2 0 0
69454 486178 7 0 0
70052 350260 5 0 0
70144 210432 3 0 0
71094 355470 5 0 0
71245 213735 3 0 0
71266 142532 2 0 0
71355 356775 5 0 0
71500 214500 3 0 0
71644 214932 3 0 0
71853 143706 2 0 0
72481 144962 2 0 0
73768 221304 3 0 0
74261 148522 2 0 0
74606 223818 3 0 0
74698 224094 3 0 0
74720 224160 3 0 0
74902 149804 2 0 0
74986 149972 2 0 0
74995 149990 2 0 0
75466 226398 3 0 0
75537 226611 3 0 0
75619 151238 2 0 0
75777 227331 3 0 0
75802 227406 3 0 0
75835 379175 5 0 0
75963 379815 5 0 0
76058 228174 3 0 0
76253 228759 3 0 0
76410 152820 2 0 0
76520 229560 3 0 0
76776 153552 2 0 0
76995 230985 3 0 0
77026 231078 3 0 0
77154 231462 3 0 0
77445 154890 2 0 0
77458 387290 5 0 0
77691 155382 2 0 0
77733 388665 5 0 0
78281 391405 5 0 0
78656 393280 5 0 0
79084 158168 2 0 0
79402 158804 2 0 0
79413 158826 2 0 0
79687 239061 3 0 0
79768 239304 3 0 0
79834 399170 5 0 0
80072 400360 5 0 0
80181 400905 5 0 0
80206 160412 2 0 0
80452 160904 2 0 0
80581 241743 3 0 0
80599 402995 5 0 0
80890 404450 5 0 0
81170 405850 5 0 0
81222 243666 3 0 0
81825 163650 2 0 0
82024 164048 2 0 0
82847 248541 3 0 0
82957 248871 3 0 0
83094 166188 2 0 0
83169 415845 5 0 0
83367 250101 3 0 0
83490 166980 2 0 0
83502 250506 3 0 0
84052 168104 2 0 0
84261 421305 5 0 0
84434 168868 2 0 0
84436 253308 3 0 0
84683 423415 5 0 0
85106 255318 3 0 0
85462 427310 5 0 0
85466 170932 2 0 0
85476 170952 2 0 0
85646 256938 3 0 0
85686 257058 3 0 0
86009 258027 3 0 0
86261 258783 3 0 0
86418 259254 3 0 0
86656 433280 5 0 0
86714 260142 3 0 0
87032 435160 5 0 0
87223 436115 5 0 0
87253 261759 3 0 0
87746 438730 5 0 0
88161 264483 3 0 0
88274 176548 2 0 0
88556 442780 5 0 0
89379 268137 3 0 0
89620 448100 5 0 0
89691 448455 5 0 0
89791 448955 5 0 0
89959 449795 5 0 0
89976 269928 3 0 0
90032 180064 2 0 0
90193 450965 5 0 0
90489 180978 2 0 0
90952 272856 3 0 0
91038 455190 5 0 0
91866 459330 5 0 0
92236 276708 3 0 0
92512 277536 3 0 0
92662 463310 5 0 0
92697 463485 5 0 0
93071 186142 2 0 0
93094 279282 3 0 0
93246 186492 2 0 0
93588 280764 3 0 0
93960 469800 5 0 0
94181 282543 3 0 0
94572 283716 3 0 0
95904 191808 2 0 0
96560 193120 2 0 0
97100 485500 5 0 0
97192 291576 3 0 0
97385 292155 3 0 0
97477 194954 2 0 0
98441 492205 5 0 0
98570 197140 2 0 0
98586 197172 2 0 0
99185 495925 5 0 0
99407 497035 5 0 0
99452 298356 3 0 0
99511 298533 3 0 0
99800 299400 3 0 0
100084 200168 2 0 0
100603 201206 2 0 0
100809 302427 3 0 0
100835 302505 3 0 0
100998 302994 3 0 0
101910 203820 2 0 0
102242 306726 3 0 0
102439 204878 2 0 0
104934 314802 3 0 0
105110 210220 2 0 0
105210 210420 2 0 0
105307 315921 3 0 0
105466 316398 3 0 0
105515 211030 2 0 0
106175 318525 3 0 0
106312 318936 3 0 0
106496 212992 2 0 0
106716 213432 2 0 0
106781 213562 2 0 0
107436 322308 3 0 0
108037 216074 2 0 0
108084 216168 2 0 0
108791 217582 2 0 0
109304 327912 3 0 0
109835 329505 3 0 0
110613 331839 3 0 0
110722 332166 3 0 0
111499 222998 2 0 0
111851 335553 3 0 0
112216 336648 3 0 0
112507 225014 2 0 0
112852 225704 2 0 0
112889 225778 2 0 0
114562 229124 2 0 0
114612 229224 2 0 0
114889 344667 3 0 0
114991 344973 3 0 0
115295 345885 3 0 0
115372 346116 3 0 0
115781 231562 2 0 0
116003 232006 2 0 0
116993 350979 3 0 0
117080 351240 3 0 0
117396 234792 2 0 0
117610 235220 2 0 0
117833 353499 3 0 0
117929 235858 2 0 0
118092 236184 2 0 0
119682 359046 3 0 0
119786 359358 3 0 0
119911 239822 2 0 0
119926 359778 3 0 0
120177 240354 2 0 0
120518 241036 2 0 0
121161 363483 3 0 0
121511 364533 3 0 0
121664 364992 3 0 0
122164 366492 3 0 0
122613 367839 3 0 0
122745 368235 3 0 0
122977 368931 3 0 0
123328 369984 3 0 0
123346 246692 2 0 0
123368 246736 2 0 0
123449 246898 2 0 0
124263 372789 3 0 0
124301 248602 2 0 0
124417 373251 3 0 0
124559 373677 3 0 0
124894 374682 3 0 0
125294 250588 2 0 0
125488 250976 2 0 0
125943 377829 3 0 0
126131 378393 3 0 0
126328 378984 3 0 0
127242 254484 2 0 0
127610 255220 2 0 0
127699 383097 3 0 0
128477 385431 3 0 0
128896 257792 2 0 0
128928 257856 2 0 0
130357 391071 3 0 0
131207 393621 3 0 0
131859 263718 2 0 0
132873 398619 3 0 0
132926 265852 2 0 0
135096 270192 2 0 0
135189 405567 3 0 0
135500 271000 2 0 0
136642 409926 3 0 0
136838 273676 2 0 0
137144 274288 2 0 0
137165 411495 3 0 0
137192 411576 3 0 0
137231 274462 2 0 0
137544 275088 2 0 0
138776 277552 2 0 0
138896 416688 3 0 0
140994 422982 3 0 0
141192 282384 2 0 0
141492 424476 3 0 0
143530 287060 2 0 0
144599 289198 2 0 0
144781 289562 2 0 0
146003 292006 2 0 0
146386 439158 3 0 0
146510 439530 3 0 0
146556 439668 3 0 0
146722 293444 2 0 0
147783 443349 3 0 0
147910 295820 2 0 0
148882 446646 3 0 0
148938 297876 2 0 0
149309 298618 2 0 0
149669 299338 2 0 0
149978 449934 3 0 0
150070 450210 3 0 0
150257 450771 3 0 0
150282 450846 3 0 0
150470 451410 3 0 0
151224 453672 3 0 0
151275 453825 3 0 0
151508 303016 2 0 0
151586 454758 3 0 0
152188 304376 2 0 0
152500 457500 3 0 0
152506 457518 3 0 0
152515 457545 3 0 0
153264 306528 2 0 0
153703 307406 2 0 0
154179 462537 3 0 0
154459 463377 3 0 0
154803 464409 3 0 0
155538 466614 3 0 0
155638 466914 3 0 0
155795 467385 3 0 0
155800 467400 3 0 0
155958 467874 3 0 0
155996 467988 3 0 0
156153 468459 3 0 0
156239 468717 3 0 0
156264 312528 2 0 0
156490 469470 3 0 0
156596 469788 3 0 0
156765 313530 2 0 0
157429 472287 3 0 0
157549 315098 2 0 0
157636 315272 2 0 0
157823 315646 2 0 0
157894 315788 2 0 0
158003 474009 3 0 0
158944 476832 3 0 0
159074 477222 3 0 0
159119 477357 3 0 0
159201 477603 3 0 0
160157 320314 2 0 0
160176 320352 2 0 0
160663 321326 2 0 0
162392 487176 3 0 0
163340 490020 3 0 0
163605 327210 2 0 0
163954 327908 2 0 0
165028 330056 2 0 0
165124 330248 2 0 0
165223 330446 2 0 0
165461 496383 3 0 0
166845 333690 2 0 0
168029 336058 2 0 0
168361 336722 2 0 0
169003 338006 2 0 0
169475 338950 2 0 0
169726 339452 2 0 0
170113 340226 2 0 0
170156 340312 2 0 0
170842 341684 2 0 0
171245 342490 2 0 0
172857 345714 2 0 0
173310 346620 2 0 0
173750 347500 2 0 0
174107 348214 2 0 0
175410 350820 2 0 0
175656 351312 2 0 0
177068 354136 2 0 0
178061 356122 2 0 0
178316 356632 2 0 0
178669 357338 2 0 0
180042 360084 2 0 0
181499 362998 2 0 0
183624 367248 2 0 0
183956 367912 2 0 0
184000 368000 2 0 0
186416 372832 2 0 0
187342 374684 2 0 0
188782 377564 2 0 0
188991 377982 2 0 0
189824 379648 2 0 0
189880 379760 2 0 0
190364 380728 2 0 0
190417 380834 2 0 0
190496 380992 2 0 0
190922 381844 2 0 0
193075 386150 2 0 0
193530 387060 2 0 0
193596 387192 2 0 0
194596 389192 2 0 0
196759 393518 2 0 0
197592 395184 2 0 0
199274 398548 2 0 0
199286 398572 2 0 0
201174 402348 2 0 0
201823 403646 2 0 0
202635 405270 2 0 0
202868 405736 2 0 0
202872 405744 2 0 0
203552 407104 2 0 0
204534 409068 2 0 0
204639 409278 2 0 0
204994 409988 2 0 0
205864 411728 2 0 0
206910 413820 2 0 0
208661 417322 2 0 0
209114 418228 2 0 0
209868 419736 2 0 0
210177 420354 2 0 0
210356 420712 2 0 0
214962 429924 2 0 0
215374 430748 2 0 0
215665 431330 2 0 0
216942 433884 2 0 0
218827 437654 2 0 0
218947 437894 2 0 0
219354 438708 2 0 0
219695 439390 2 0 0
221189 442378 2 0 0
222446 444892 2 0 0
223197 446394 2 0 0
223868 447736 2 0 0
224330 448660 2 0 0
225051 450102 2 0 0
226883 453766 2 0 0
228100 456200 2 0 0
228142 456284 2 0 0
229014 458028 2 0 0
230114 460228 2 0 0
231235 462470 2 0 0
231411 462822 2 0 0
231949 463898 2 0 0
232365 464730 2 0 0
233302 466604 2 0 0
236031 472062 2 0 0
236118 472236 2 0 0
236915 473830 2 0 0
238784 477568 2 0 0
240752 481504 2 0 0
241260 482520 2 0 0
241505 483010 2 0 0
241715 483430 2 0 0
242181 484362 2 0 0
244237 488474 2 0 0
244302 488604 2 0 0
244486 488972 2 0 0
244625 489250 2 0 0
246018 492036 2 0 0
246415 492830 2 0 0
246772 493544 2 0 0
247264 494528 2 0 0
247534 495068 2 0 0
248082 496164 2 0 0
248200 496400 2 0 0
Case 1: 16811
