298072 294922 3150 1 0
493212 21444 0 23 0
168868 84434 0 2 0
393621 131207 0 3 0
297876 148938 0 2 0
463639 4103 0 113 0
112263 37421 0 3 0
327140 65428 0 5 0
26226 13113 0 2 0
166188 83094 0 2 0
107326 1042 0 103 0
134945 26989 0 5 0
319498 18794 0 17 0
43820 21910 0 2 0
43880 8776 0 5 0
477603 159201 0 3 0
356772 27444 0 13 0
111710 22342 0 5 0
127237 2959 0 43 0
156096 52032 0 3 0
186142 93071 0 2 0
469133 67019 0 7 0
422982 140994 0 3 0
50931 16977 0 3 0
33909 11303 0 3 0
106880 21376 0 5 0
72372 36186 0 2 0
44950 22475 0 2 0
275962 8902 0 31 0
210420 105210 0 2 0
494528 247264 0 2 0
316398 105466 0 3 0
281519 917 0 307 0
26650 5330 0 5 0
253105 1115 0 227 0
267197 6517 0 41 0
64148 32074 0 2 0
459330 91866 0 5 0
335553 111851 0 3 0
55537 2923 0 19 0
227331 75777 0 3 0
265852 132926 0 2 0
224285 44857 0 5 0
235220 117610 0 2 0
302505 100835 0 3 0
205332 68444 0 3 0
262395 15435 0 17 0
462822 231411 0 2 0
305398 8254 0 37 0
364039 28003 0 13 0
387951 4359 0 89 0
23892 11946 0 2 0
429924 214962 0 2 0
479045 68435 0 7 0
130188 228 0 571 0
116620 58310 0 2 0
363483 121161 0 3 0
435160 87032 0 5 0
496383 165461 0 3 0
154890 77445 0 2 0
196129 1411 0 139 0
56264 28132 0 2 0
451410 150470 0 3 0
240842 34406 0 7 0
141312 47104 0 3 0
20994 6998 0 3 0
139783 7357 0 19 0
405270 202635 0 2 0
114418 57209 0 2 0
377829 125943 0 3 0
165252 55084 0 3 0
189475 37895 0 5 0
322875 46125 0 7 0
301834 23218 0 13 0
224692 17284 0 13 0
300563 2809 0 107 0
49310 24655 0 2 0
70488 35244 0 2 0
97348 48674 0 2 0
200168 100084 0 2 0
123746 61873 0 2 0
176548 88274 0 2 0
446394 223197 0 2 0
117790 23558 0 5 0
44664 14888 0 3 0
255220 127610 0 2 0
269928 89976 0 3 0
81565 16313 0 5 0
289898 41414 0 7 0
351312 175656 0 2 0
196581 28083 0 7 0
338820 169410 0 2 0
446646 148882 0 3 0
82314 41157 0 2 0
387060 193530 0 2 0
274462 137231 0 2 0
450102 225051 0 2 0
246692 123346 0 2 0
348593 49799 0 7 0
143913 13083 0 11 0
166980 83490 0 2 0
34505 515 0 67 0
56034 18678 0 3 0
268000 53600 0 5 0
406118 502 0 809 0
481504 240752 0 2 0
335255 67051 0 5 0
250506 83502 0 3 0
413966 59138 0 7 0
245170 49034 0 5 0
174261 6009 0 29 0
142043 12913 0 11 0
419736 209868 0 2 0
380992 190496 0 2 0
226490 113245 0 2 0
428674 18638 0 23 0
27972 13986 0 2 0
86786 43393 0 2 0
214773 16521 0 13 0
488474 244237 0 2 0
1182 591 0 2 0
434315 62045 0 7 0
463898 231949 0 2 0
377148 7116 0 53 0
85676 42838 0 2 0
53070 17690 0 3 0
405736 202868 0 2 0
222233 20203 0 11 0
215922 4074 0 53 0
327210 163605 0 2 0
460228 230114 0 2 0
15387 69 0 223 0
313618 466 0 673 0
331000 1000 0 331 0
85820 42910 0 2 0
340593 30963 0 11 0
64190 12838 0 5 0
330446 165223 0 2 0
351989 31999 0 11 0
378984 126328 0 3 0
41511 13837 0 3 0
337649 25973 0 13 0
443349 147783 0 3 0
331839 110613 0 3 0
290941 41563 0 7 0
90626 45313 0 2 0
191000 38200 0 5 0
476190 158730 0 3 0
374682 124894 0 3 0
466191 27423 0 17 0
160412 80206 0 2 0
215045 43009 0 5 0
258783 86261 0 3 0
383532 372 0 1031 0
124927 11357 0 11 0
70477 6407 0 11 0
257856 128928 0 2 0
484362 242181 0 2 0
197172 98586 0 2 0
409278 204639 0 2 0
450210 150070 0 3 0
79959 7269 0 11 0
372128 928 0 401 0
354060 50580 0 7 0
216168 108084 0 2 0
366492 122164 0 3 0
256640 51328 0 5 0
186264 14328 0 13 0
194568 64856 0 3 0
18147 789 0 23 0
252714 36102 0 7 0
344835 68967 0 5 0
159036 53012 0 3 0
336648 112216 0 3 0
133325 26665 0 5 0
34206 11402 0 3 0
150864 21552 0 7 0
331177 19481 0 17 0
259100 51820 0 5 0
154212 51404 0 3 0
309283 23791 0 13 0
384722 29594 0 13 0
33908 16954 0 2 0
219906 11574 0 19 0
387192 193596 0 2 0
470435 67205 0 7 0
409508 1804 0 227 0
158168 79084 0 2 0
312528 156264 0 2 0
38324 19162 0 2 0
221304 73768 0 3 0
91791 30597 0 3 0
453825 151275 0 3 0
38380 7676 0 5 0
239304 79768 0 3 0
489601 21287 0 23 0
83000 16600 0 5 0
238545 12555 0 19 0
180064 90032 0 2 0
249767 8057 0 31 0
298533 99511 0 3 0
106239 35413 0 3 0
240236 12644 0 19 0
356122 178061 0 2 0
30356 15178 0 2 0
227708 17516 0 13 0
374040 124680 0 3 0
318525 106175 0 3 0
13638 6 0 2273 0
433280 86656 0 5 0
306726 153363 0 2 0
259254 86418 0 3 0
409988 204994 0 2 0
241036 120518 0 2 0
387550 16850 0 23 0
229224 114612 0 2 0
388665 77733 0 5 0
283716 94572 0 3 0
494331 9327 0 53 0
454758 151586 0 3 0
200681 15437 0 13 0
414200 21800 0 19 0
163650 81825 0 2 0
393900 30300 0 13 0
347500 173750 0 2 0
360084 180042 0 2 0
289562 144781 0 2 0
295820 147910 0 2 0
124020 9540 0 13 0
488604 244302 0 2 0
457518 152506 0 3 0
328185 19305 0 17 0
24101 2191 0 11 0
9843 579 0 17 0
410260 93086 37916 4 1
322569 24813 0 13 0
464730 232365 0 2 0
11655 3885 0 3 0
440286 62898 0 7 0
403765 17555 0 23 0
363337 247 0 1471 0
400360 80072 0 5 0
130628 1156 0 113 0
140575 25 0 5623 0
439530 146510 0 3 0
141805 1795 0 79 0
155382 77691 0 2 0
398572 199286 0 2 0
368931 122977 0 3 0
83260 3620 0 23 0
492830 246415 0 2 0
124730 62365 0 2 0
279916 21532 0 13 0
346449 15063 0 23 0
97875 3375 0 29 0
194260 38852 0 5 0
353311 50473 0 7 0
434082 156911 120260 2 0
476832 158944 0 3 0
125665 25133 0 5 0
190902 63634 0 3 0
201195 11835 0 17 0
344240 68848 0 5 0
134628 67314 0 2 0
201206 100603 0 2 0
490915 10445 0 47 0
345885 115295 0 3 0
225704 112852 0 2 0
391071 130357 0 3 0
302427 100809 0 3 0
212184 30312 0 7 0
372832 186416 0 2 0
250101 83367 0 3 0
241743 80581 0 3 0
82656 41328 0 2 0
226835 32405 0 7 0
55510 27755 0 2 0
194954 97477 0 2 0
266787 6507 0 41 0
303804 10476 0 29 0
421305 84261 0 5 0
406526 2246 0 181 0
431383 3293 0 131 0
101886 50943 0 2 0
451505 6185 0 73 0
95884 47942 0 2 0
201877 3809 0 53 0
43747 3977 0 11 0
121898 60949 0 2 0
356775 71355 0 5 0
344973 114991 0 3 0
223818 74606 0 3 0
112898 5942 0 19 0
444380 26140 0 17 0
180691 25813 0 7 0
75322 37661 0 2 0
462537 154179 0 3 0
175879 15989 0 11 0
378194 526 0 719 0
226407 1389 0 163 0
263718 131859 0 2 0
109089 36363 0 3 0
379760 189880 0 2 0
397637 12827 0 31 0
121968 40656 0 3 0
324911 10481 0 31 0
158804 79402 0 2 0
137757 45919 0 3 0
277536 92512 0 3 0
350260 70052 0 5 0
280600 56120 0 5 0
230690 46138 0 5 0
256726 11162 0 23 0
94073 1057 0 89 0
376836 12156 0 31 0
256938 85646 0 3 0
57345 11469 0 5 0
379815 75963 0 5 0
442378 221189 0 2 0
477222 159074 0 3 0
73608 24536 0 3 0
368000 184000 0 2 0
107808 35936 0 3 0
455048 41368 0 11 0
264483 88161 0 3 0
466614 155538 0 3 0
320605 64121 0 5 0
376474 53782 0 7 0
200532 100266 0 2 0
393518 196759 0 2 0
340226 170113 0 2 0
411728 205864 0 2 0
41509 1339 0 31 0
364485 33135 0 11 0
369198 8586 0 43 0
423415 84683 0 5 0
115052 57526 0 2 0
299325 59865 0 5 0
496164 248082 0 2 0
213432 106716 0 2 0
77044 748 0 103 0
325128 14136 0 23 0
326391 25107 0 13 0
149972 74986 0 2 0
261135 37305 0 7 0
171241 10073 0 17 0
58710 11742 0 5 0
407104 203552 0 2 0
240105 48021 0 5 0
419775 14475 0 29 0
225778 112889 0 2 0
213735 71245 0 3 0
272856 90952 0 3 0
457545 152515 0 3 0
116748 38916 0 3 0
463485 92697 0 5 0
383097 127699 0 3 0
240354 120177 0 2 0
283780 56756 0 5 0
416474 7858 0 53 0
301615 1685 0 179 0
303761 13207 0 23 0
31058 586 0 53 0
61215 20405 0 3 0
85634 42817 0 2 0
131000 65500 0 2 0
72413 6583 0 11 0
145783 5027 0 29 0
232006 116003 0 2 0
94235 18847 0 5 0
400905 80181 0 5 0
275088 137544 0 2 0
348214 174107 0 2 0
107127 35709 0 3 0
138794 69397 0 2 0
51557 4687 0 11 0
177991 16181 0 11 0
387290 77458 0 5 0
320314 160157 0 2 0
427310 85462 0 5 0
332166 110722 0 3 0
79066 6082 0 13 0
39991 5713 0 7 0
476567 36659 0 13 0
71541 23847 0 3 0
431330 215665 0 2 0
460845 92169 0 5 0
492195 25905 0 19 0
482600 25400 0 19 0
405744 202872 0 2 0
151921 21703 0 7 0
235185 47037 0 5 0
49692 16564 0 3 0
448100 89620 0 5 0
39250 19625 0 2 0
80247 26749 0 3 0
120360 40120 0 3 0
426598 25094 0 17 0
139145 8185 0 17 0
289198 144599 0 2 0
204878 102439 0 2 0
132037 4553 0 29 0
274288 137144 0 2 0
374806 386 0 971 0
430748 215374 0 2 0
369984 123328 0 3 0
109868 54934 0 2 0
65365 13073 0 5 0
180564 60188 0 3 0
200148 66716 0 3 0
207639 69213 0 3 0
475633 7099 0 67 0
299980 149990 0 2 0
373251 124417 0 3 0
468717 156239 0 3 0
287060 143530 0 2 0
413253 11169 0 37 0
112080 22416 0 5 0
238850 47770 0 5 0
210432 70144 0 3 0
93138 4902 0 19 0
367248 183624 0 2 0
453766 226883 0 2 0
105072 52536 0 2 0
82285 16457 0 5 0
223964 17228 0 13 0
375109 53587 0 7 0
455729 4181 0 109 0
291576 97192 0 3 0
492036 246018 0 2 0
273676 136838 0 2 0
152820 76410 0 2 0
468459 156153 0 3 0
212992 106496 0 2 0
271000 135500 0 2 0
210045 19095 0 11 0
233733 13749 0 17 0
54649 7807 0 7 0
126458 63229 0 2 0
190417 391 0 487 0
26710 13355 0 2 0
282441 9111 0 31 0
10950 2190 0 5 0
222998 111499 0 2 0
231078 110250 10578 2 0
381844 190922 0 2 0
374033 34003 0 11 0
436968 25704 0 17 0
92053 7081 0 13 0
467988 155996 0 3 0
126730 63365 0 2 0
57872 28936 0 2 0
461100 8700 0 53 0
473830 236915 0 2 0
164048 82024 0 2 0
77544 25848 0 3 0
71226 23742 0 3 0
449934 149978 0 3 0
259510 51902 0 5 0
199977 66659 0 3 0
56106 18702 0 3 0
49972 24986 0 2 0
234792 117396 0 2 0
130430 65215 0 2 0
94908 31636 0 3 0
215460 43092 0 5 0
299400 99800 0 3 0
105635 21127 0 5 0
164679 54893 0 3 0
420712 210356 0 2 0
336722 168361 0 2 0
390158 1046 0 373 0
352573 27121 0 13 0
305610 1830 0 167 0
99061 1357 0 73 0
293444 146722 0 2 0
452739 64677 0 7 0
379648 189824 0 2 0
282543 94181 0 3 0
156565 865 0 181 0
183510 36702 0 5 0
469788 156596 0 3 0
191808 95904 0 2 0
157729 14339 0 11 0
123102 126 0 977 0
70105 10015 0 7 0
277552 138776 0 2 0
96618 32206 0 3 0
401427 5499 0 73 0
71946 10278 0 7 0
460302 143460 29922 3 0
348424 3592 0 97 0
105070 5530 0 19 0
162006 54002 0 3 0
384800 10400 0 37 0
151200 50400 0 3 0
180978 90489 0 2 0
67413 22471 0 3 0
224983 20453 0 11 0
125802 41934 0 3 0
372587 5561 0 67 0
335240 67048 0 5 0
195676 3692 0 53 0
292155 97385 0 3 0
250588 125294 0 2 0
490020 163340 0 3 0
198598 1822 0 109 0
467385 155795 0 3 0
341899 11029 0 31 0
323703 17037 0 19 0
326940 65388 0 5 0
456284 446319 9965 1 0
153552 76776 0 2 0
254484 127242 0 2 0
448955 89791 0 5 0
141639 47213 0 3 0
301032 8136 0 37 0
168686 24098 0 7 0
485556 11292 0 43 0
167986 12922 0 13 0
479754 43614 0 11 0
321684 29244 0 11 0
484288 10304 0 47 0
439019 413 0 1063 0
455181 6411 0 71 0
175639 3737 0 47 0
79730 15946 0 5 0
270192 135096 0 2 0
444429 19323 0 23 0
264453 37779 0 7 0
210220 105110 0 2 0
60120 12024 0 5 0
324437 8072 1557 40 1
313530 156765 0 2 0
hm result for maxmatch: 534
Case 1: 17317
